#
# A fatal error has been detected by the Java Runtime Environment:
#
#  SIGSEGV (0xb) at pc=0x00000001092302b0, pid=3128, tid=17155
#
# JRE version: Java(TM) SE Runtime Environment (8.0_25-b17) (build 1.8.0_25-b17)
# Java VM: Java HotSpot(TM) 64-Bit Server VM (25.25-b02 mixed mode bsd-amd64 compressed oops)
# Problematic frame:
# V  [libjvm.dylib+0x4232b0]
#
# Failed to write core dump. Core dumps have been disabled. To enable core dumping, try "ulimit -c unlimited" before starting Java again
#
# If you would like to submit a bug report, please visit:
#   http://bugreport.sun.com/bugreport/crash.jsp
#

---------------  T H R E A D  ---------------

Current thread (0x00007f805b81c000):  JavaThread "JDWP Transport Listener: dt_socket" daemon [_thread_in_vm, id=17155, stack(0x000070000b4c6000,0x000070000b5c6000)]

siginfo: si_signo: 11 (SIGSEGV), si_code: 0 (unknown), si_addr: 0x0000000000000000

Registers:
RAX=0x0000000000000001, RBX=0x000070000b5c5a8b, RCX=0x00000001095e3c80, RDX=0x000070000b5c5a8b
RSP=0x000070000b5c59d0, RBP=0x000070000b5c59e0, RSI=0x00007f805b81c000, RDI=0x6f69746341790002
R8 =0x0000000000000002, R9 =0x0000000000000000, R10=0x0000000000000001, R11=0x0000000000000003
R12=0x00007f805b81c000, R13=0x6f69746341790002, R14=0x6f69746341790002, R15=0x00007f805af01400
RIP=0x00000001092302b0, EFLAGS=0x0000000000010202, ERR=0x0000000000000000
  TRAPNO=0x000000000000000d

Top of Stack: (sp=0x000070000b5c59d0)
0x000070000b5c59d0:   000070000b5c5a8b 000070000b5c5a8b
0x000070000b5c59e0:   000070000b5c5a40 000000010914226e
0x000070000b5c59f0:   00007f805b81c000 0000000000000000
0x000070000b5c5a00:   0000000000000000 0000000000000000
0x000070000b5c5a10:   00007f805b81c000 00007f805b81c000
0x000070000b5c5a20:   000070000b5c5a8b 000070000b5c5a90
0x000070000b5c5a30:   6f69746341790002 000000000000000c
0x000070000b5c5a40:   000070000b5c5a60 00000001082547dc
0x000070000b5c5a50:   0000000000000001 000070000b5c5b08
0x000070000b5c5a60:   000070000b5c5ad0 0000000108239263
0x000070000b5c5a70:   000070000b5c5aa0 00007f805ad96180
0x000070000b5c5a80:   0000000d00000032 f000100a015c5b08
0x000070000b5c5a90:   0000000000000000 0000000000000000
0x000070000b5c5aa0:   0000000000000000 000070000b5c5c90
0x000070000b5c5ab0:   000000010825beca 00007f805ae367b0
0x000070000b5c5ac0:   000070000b5c5b08 0000000108267588
0x000070000b5c5ad0:   000070000b5c5ae0 000000010823935c
0x000070000b5c5ae0:   000070000b5c5d00 00000001082428f6
0x000070000b5c5af0:   0000070700000013 00000000000f0200
0x000070000b5c5b00:   00007f805ae367d0 00007f805ad98e6f
0x000070000b5c5b10:   00007f8000000029 00007f805ad298d0
0x000070000b5c5b20:   00007f800000012c 000070000b5c5b58
0x000070000b5c5b30:   00007f805ad298d0 0000000000000000
0x000070000b5c5b40:   000007070000001c 00007f8000001580
0x000070000b5c5b50:   000070000b5c5b58 807f00000d000000
0x000070000b5c5b60:   08000000908bd95a 33246164626d616c
0x000070000b5c5b70:   616a4c2821000000 2f6c6974752f6176
0x000070000b5c5b80:   724c293b7473694c 76726573624f2f78
0x000070000b5c5b90:   0000003b656c6261 7f00000a1000f000
0x000070000b5c5ba0:   0000000899d25a80 0000006e69616d04
0x000070000b5c5bb0:   6176616a4c5b2816 74532f676e616c2f
0x000070000b5c5bc0:   0056293b676e6972 0009000000000000 

Instructions: (pc=0x00000001092302b0)
0x0000000109230290:   40 48 48 85 c0 75 e0 30 c0 0f b6 c0 5d c3 31 c0
0x00000001092302a0:   5d c3 55 48 89 e5 53 48 83 ec 08 48 85 ff 74 24
0x00000001092302b0:   48 8b 1f 48 85 db 74 1c 48 83 fb 37 74 16 48 8b
0x00000001092302c0:   03 48 89 df ff 50 10 84 c0 b8 00 00 00 00 48 0f 

Register to memory mapping:

RAX=0x0000000000000001 is an unknown value
RBX=0x000070000b5c5a8b is pointing into the stack for thread: 0x00007f805b81c000
RCX=0x00000001095e3c80: UseMembar+0 in /Library/Java/JavaVirtualMachines/jdk1.8.0_25.jdk/Contents/Home/jre/lib/server/libjvm.dylib at 0x0000000108e0d000
RDX=0x000070000b5c5a8b is pointing into the stack for thread: 0x00007f805b81c000
RSP=0x000070000b5c59d0 is pointing into the stack for thread: 0x00007f805b81c000
RBP=0x000070000b5c59e0 is pointing into the stack for thread: 0x00007f805b81c000
RSI=0x00007f805b81c000 is a thread
RDI=0x6f69746341790002 is an unknown value
R8 =0x0000000000000002 is an unknown value
R9 =0x0000000000000000 is an unknown value
R10=0x0000000000000001 is an unknown value
R11=0x0000000000000003 is an unknown value
R12=0x00007f805b81c000 is a thread
R13=0x6f69746341790002 is an unknown value
R14=0x6f69746341790002 is an unknown value
R15=0x00007f805af01400 is an unknown value


Stack: [0x000070000b4c6000,0x000070000b5c6000],  sp=0x000070000b5c59d0,  free space=1022k
Native frames: (J=compiled Java code, j=interpreted, Vv=VM code, C=native code)
V  [libjvm.dylib+0x4232b0]
V  [libjvm.dylib+0x33526e]
C  [libjdwp.dylib+0x207dc]  isMethodSynthetic+0x63
C  [libjdwp.dylib+0x5263]  methods1+0x10b
C  [libjdwp.dylib+0x535c]  methodsWithGeneric+0xe
C  [libjdwp.dylib+0xe8f6]  debugLoop_run+0x1ce
C  [libjdwp.dylib+0x1f716]  attachThread+0x4d
V  [libjvm.dylib+0x3762ce]
V  [libjvm.dylib+0x535ed9]
V  [libjvm.dylib+0x53761c]
V  [libjvm.dylib+0x45d87e]
C  [libsystem_pthread.dylib+0x3aab]  _pthread_body+0xb4
C  [libsystem_pthread.dylib+0x39f7]  _pthread_body+0x0
C  [libsystem_pthread.dylib+0x3221]  thread_start+0xd
C  0x0000000000000000


---------------  P R O C E S S  ---------------

Java Threads: ( => current thread )
  0x00007f805c932800 JavaThread "Okio Watchdog" daemon [_thread_blocked, id=24835, stack(0x000070000c3f3000,0x000070000c4f3000)]
  0x00007f805b206000 JavaThread "OkHttp ConnectionPool" daemon [_thread_blocked, id=24323, stack(0x000070000c2f0000,0x000070000c3f0000)]
  0x00007f805b1e7000 JavaThread "OkHttp ConnectionPool" daemon [_thread_blocked, id=23811, stack(0x000070000c1ed000,0x000070000c2ed000)]
  0x00007f805b81f800 JavaThread "RxScheduledExecutorPool-2" daemon [_thread_blocked, id=22275, stack(0x000070000bee4000,0x000070000bfe4000)]
  0x00007f805b81f000 JavaThread "RxScheduledExecutorPool-1" daemon [_thread_blocked, id=21763, stack(0x000070000bde1000,0x000070000bee1000)]
  0x00007f805b16e000 JavaThread "RxIoScheduler-1 (Evictor)" daemon [_thread_blocked, id=21251, stack(0x000070000bcde000,0x000070000bdde000)]
  0x00007f805c020800 JavaThread "Service Thread" daemon [_thread_blocked, id=20227, stack(0x000070000bad8000,0x000070000bbd8000)]
  0x00007f805c80c800 JavaThread "C1 CompilerThread2" daemon [_thread_blocked, id=19715, stack(0x000070000b9d5000,0x000070000bad5000)]
  0x00007f805c80c000 JavaThread "C2 CompilerThread1" daemon [_thread_blocked, id=19203, stack(0x000070000b8d2000,0x000070000b9d2000)]
  0x00007f805c80b000 JavaThread "C2 CompilerThread0" daemon [_thread_blocked, id=18691, stack(0x000070000b7cf000,0x000070000b8cf000)]
  0x00007f805b815800 JavaThread "JDWP Command Reader" daemon [_thread_in_native, id=18179, stack(0x000070000b6cc000,0x000070000b7cc000)]
  0x00007f805b815000 JavaThread "JDWP Event Helper Thread" daemon [_thread_blocked, id=17667, stack(0x000070000b5c9000,0x000070000b6c9000)]
=>0x00007f805b81c000 JavaThread "JDWP Transport Listener: dt_socket" daemon [_thread_in_vm, id=17155, stack(0x000070000b4c6000,0x000070000b5c6000)]
  0x00007f805b806000 JavaThread "Signal Dispatcher" daemon [_thread_blocked, id=16643, stack(0x000070000b3c3000,0x000070000b4c3000)]
  0x00007f805b801000 JavaThread "Finalizer" daemon [_thread_blocked, id=12547, stack(0x000070000b2c0000,0x000070000b3c0000)]
  0x00007f805c004800 JavaThread "Reference Handler" daemon [_thread_blocked, id=12035, stack(0x000070000b1bd000,0x000070000b2bd000)]
  0x00007f805b003800 JavaThread "main" [_thread_in_Java, id=7171, stack(0x000070000abab000,0x000070000acab000)]

Other Threads:
  0x00007f805b061000 VMThread [stack: 0x000070000b0ba000,0x000070000b1ba000] [id=11523]
  0x00007f805c013000 WatcherThread [stack: 0x000070000bbdb000,0x000070000bcdb000] [id=20739]

VM state:not at safepoint (normal execution)

VM Mutex/Monitor currently owned by a thread: None

Heap:
 PSYoungGen      total 38400K, used 22660K [0x0000000795580000, 0x0000000798000000, 0x00000007c0000000)
  eden space 33280K, 68% used [0x0000000795580000,0x0000000796ba1380,0x0000000797600000)
  from space 5120K, 0% used [0x0000000797b00000,0x0000000797b00000,0x0000000798000000)
  to   space 5120K, 0% used [0x0000000797600000,0x0000000797600000,0x0000000797b00000)
 ParOldGen       total 87552K, used 0K [0x0000000740000000, 0x0000000745580000, 0x0000000795580000)
  object space 87552K, 0% used [0x0000000740000000,0x0000000740000000,0x0000000745580000)
 Metaspace       used 9367K, capacity 9558K, committed 9600K, reserved 1058816K
  class space    used 1061K, capacity 1126K, committed 1152K, reserved 1048576K

Card table byte_map: [0x000000010863f000,0x0000000108a40000] byte_map_base: 0x0000000104c3f000

Marking Bits: (ParMarkBitMap*) 0x00000001096aa390
 Begin Bits: [0x0000000118d29000, 0x000000011ad29000)
 End Bits:   [0x000000011ad29000, 0x000000011cd29000)

Polling page: 0x00000001079d7000

CodeCache: size=245760Kb used=3124Kb max_used=3124Kb free=242635Kb
 bounds [0x0000000109d29000, 0x000000010a039000, 0x0000000118d29000]
 total_blobs=1109 nmethods=790 adapters=242
 compilation: enabled

Compilation events (10 events):
Event: 1.571 Thread 0x00007f805c80c800  786       3       java.util.Hashtable$Enumerator::hasMoreElements (53 bytes)
Event: 1.572 Thread 0x00007f805c80c800 nmethod 786 0x000000010a035750 code [0x000000010a0358c0, 0x000000010a035bb0]
Event: 1.572 Thread 0x00007f805c80c800  787       3       java.util.Hashtable$Enumerator::nextElement (111 bytes)
Event: 1.572 Thread 0x00007f805c80c800 nmethod 787 0x000000010a035d10 code [0x000000010a035ec0, 0x000000010a036368]
Event: 201.681 Thread 0x00007f805c80c800  788       1       java.util.concurrent.locks.AbstractQueuedSynchronizer::getState (5 bytes)
Event: 201.682 Thread 0x00007f805c80c800 nmethod 788 0x000000010a013390 code [0x000000010a0134e0, 0x000000010a0135f0]
Event: 268.683 Thread 0x00007f805c80c800  789       1       java.util.concurrent.atomic.AtomicInteger::get (5 bytes)
Event: 268.683 Thread 0x00007f805c80c800 nmethod 789 0x000000010a036590 code [0x000000010a0366e0, 0x000000010a0367f0]
Event: 300.678 Thread 0x00007f805c80c800  790       1       java.util.concurrent.locks.AbstractOwnableSynchronizer::getExclusiveOwnerThread (5 bytes)
Event: 300.678 Thread 0x00007f805c80c800 nmethod 790 0x000000010a036850 code [0x000000010a0369a0, 0x000000010a036ab0]

GC Heap History (0 events):
No events

Deoptimization events (4 events):
Event: 0.504 Thread 0x00007f805b003800 Uncommon trap: reason=class_check action=maybe_recompile pc=0x0000000109e6dc0c method=java.io.DataInputStream.readInt()I @ 4
Event: 0.504 Thread 0x00007f805b003800 Uncommon trap: reason=class_check action=maybe_recompile pc=0x0000000109e6dc0c method=java.io.DataInputStream.readInt()I @ 4
Event: 0.504 Thread 0x00007f805b003800 Uncommon trap: reason=class_check action=maybe_recompile pc=0x0000000109e6dc0c method=java.io.DataInputStream.readInt()I @ 4
Event: 0.504 Thread 0x00007f805b003800 Uncommon trap: reason=class_check action=maybe_recompile pc=0x0000000109e6dc0c method=java.io.DataInputStream.readInt()I @ 4

Internal exceptions (10 events):
Event: 0.955 Thread 0x00007f805c987800 Exception <a 'java/security/PrivilegedActionException'> (0x0000000796a7cbe0) thrown at [/HUDSON3/workspace/8-2-build-macosx-x86_64/jdk8u25/1514/hotspot/src/share/vm/prims/jvm.cpp, line 1312]
Event: 0.956 Thread 0x00007f805c987800 Exception <a 'java/security/PrivilegedActionException'> (0x0000000796a81fc0) thrown at [/HUDSON3/workspace/8-2-build-macosx-x86_64/jdk8u25/1514/hotspot/src/share/vm/prims/jvm.cpp, line 1312]
Event: 0.957 Thread 0x00007f805c987800 Exception <a 'java/security/PrivilegedActionException'> (0x0000000796a870d8) thrown at [/HUDSON3/workspace/8-2-build-macosx-x86_64/jdk8u25/1514/hotspot/src/share/vm/prims/jvm.cpp, line 1312]
Event: 0.961 Thread 0x00007f805c987800 Exception <a 'java/security/PrivilegedActionException'> (0x0000000796a8c500) thrown at [/HUDSON3/workspace/8-2-build-macosx-x86_64/jdk8u25/1514/hotspot/src/share/vm/prims/jvm.cpp, line 1312]
Event: 0.961 Thread 0x00007f805c987800 Exception <a 'java/security/PrivilegedActionException'> (0x0000000796a906e8) thrown at [/HUDSON3/workspace/8-2-build-macosx-x86_64/jdk8u25/1514/hotspot/src/share/vm/prims/jvm.cpp, line 1312]
Event: 0.962 Thread 0x00007f805c987800 Exception <a 'java/security/PrivilegedActionException'> (0x0000000796a946c8) thrown at [/HUDSON3/workspace/8-2-build-macosx-x86_64/jdk8u25/1514/hotspot/src/share/vm/prims/jvm.cpp, line 1312]
Event: 1.511 Thread 0x00007f805b997800 Exception <a 'java/security/PrivilegedActionException'> (0x00000007968aec10) thrown at [/HUDSON3/workspace/8-2-build-macosx-x86_64/jdk8u25/1514/hotspot/src/share/vm/prims/jvm.cpp, line 1312]
Event: 1.512 Thread 0x00007f805b997800 Exception <a 'java/security/PrivilegedActionException'> (0x00000007968b5490) thrown at [/HUDSON3/workspace/8-2-build-macosx-x86_64/jdk8u25/1514/hotspot/src/share/vm/prims/jvm.cpp, line 1312]
Event: 1.512 Thread 0x00007f805b997800 Exception <a 'java/security/PrivilegedActionException'> (0x00000007968bb6b0) thrown at [/HUDSON3/workspace/8-2-build-macosx-x86_64/jdk8u25/1514/hotspot/src/share/vm/prims/jvm.cpp, line 1312]
Event: 1.571 Thread 0x00007f805b997800 Exception <a 'java/security/PrivilegedActionException'> (0x00000007968c72e0) thrown at [/HUDSON3/workspace/8-2-build-macosx-x86_64/jdk8u25/1514/hotspot/src/share/vm/prims/jvm.cpp, line 1312]

Events (10 events):
Event: 118.408 Executing VM operation: ChangeBreakpoints
Event: 118.408 Executing VM operation: ChangeBreakpoints done
Event: 165.372 Executing VM operation: RedefineClasses
Event: 165.379 Executing VM operation: RedefineClasses done
Event: 165.385 Executing VM operation: ChangeBreakpoints
Event: 165.387 Executing VM operation: ChangeBreakpoints done
Event: 165.393 Executing VM operation: ChangeBreakpoints
Event: 165.393 Executing VM operation: ChangeBreakpoints done
Event: 354.686 Executing VM operation: RedefineClasses
Event: 354.691 Executing VM operation: RedefineClasses done


Dynamic libraries:
0x000000001480f000 	/System/Library/Frameworks/Cocoa.framework/Versions/A/Cocoa
0x000000001480f000 	/System/Library/Frameworks/Security.framework/Versions/A/Security
0x000000001480f000 	/System/Library/Frameworks/ApplicationServices.framework/Versions/A/ApplicationServices
0x000000001480f000 	/usr/lib/libz.1.dylib
0x000000001480f000 	/usr/lib/libSystem.B.dylib
0x000000001480f000 	/usr/lib/libobjc.A.dylib
0x000000001480f000 	/System/Library/Frameworks/CoreFoundation.framework/Versions/A/CoreFoundation
0x000000001480f000 	/System/Library/Frameworks/Foundation.framework/Versions/C/Foundation
0x000000001480f000 	/System/Library/Frameworks/AppKit.framework/Versions/C/AppKit
0x000000001480f000 	/System/Library/Frameworks/CoreData.framework/Versions/A/CoreData
0x000000001480f000 	/System/Library/PrivateFrameworks/RemoteViewServices.framework/Versions/A/RemoteViewServices
0x000000001480f000 	/System/Library/PrivateFrameworks/UIFoundation.framework/Versions/A/UIFoundation
0x000000001480f000 	/usr/lib/libenergytrace.dylib
0x000000001480f000 	/System/Library/PrivateFrameworks/SkyLight.framework/Versions/A/SkyLight
0x000000001480f000 	/System/Library/Frameworks/CoreGraphics.framework/Versions/A/CoreGraphics
0x000000001480f000 	/usr/lib/libScreenReader.dylib
0x000000001480f000 	/System/Library/Frameworks/Accelerate.framework/Versions/A/Accelerate
0x000000001480f000 	/System/Library/Frameworks/IOSurface.framework/Versions/A/IOSurface
0x000000001480f000 	/System/Library/Frameworks/AudioToolbox.framework/Versions/A/AudioToolbox
0x000000001480f000 	/System/Library/Frameworks/AudioUnit.framework/Versions/A/AudioUnit
0x000000001480f000 	/System/Library/PrivateFrameworks/DataDetectorsCore.framework/Versions/A/DataDetectorsCore
0x000000001480f000 	/System/Library/PrivateFrameworks/DesktopServicesPriv.framework/Versions/A/DesktopServicesPriv
0x000000001480f000 	/System/Library/Frameworks/Carbon.framework/Versions/A/Frameworks/HIToolbox.framework/Versions/A/HIToolbox
0x000000001480f000 	/usr/lib/libicucore.A.dylib
0x000000001480f000 	/System/Library/Frameworks/QuartzCore.framework/Versions/A/QuartzCore
0x000000001480f000 	/System/Library/Frameworks/Carbon.framework/Versions/A/Frameworks/SpeechRecognition.framework/Versions/A/SpeechRecognition
0x000000001480f000 	/usr/lib/libauto.dylib
0x000000001480f000 	/usr/lib/libxml2.2.dylib
0x000000001480f000 	/System/Library/PrivateFrameworks/CoreUI.framework/Versions/A/CoreUI
0x000000001480f000 	/System/Library/Frameworks/CoreAudio.framework/Versions/A/CoreAudio
0x000000001480f000 	/System/Library/Frameworks/DiskArbitration.framework/Versions/A/DiskArbitration
0x000000001480f000 	/usr/lib/liblangid.dylib
0x000000001480f000 	/System/Library/PrivateFrameworks/MultitouchSupport.framework/Versions/A/MultitouchSupport
0x000000001480f000 	/System/Library/Frameworks/IOKit.framework/Versions/A/IOKit
0x000000001480f000 	/usr/lib/libDiagnosticMessagesClient.dylib
0x000000001480f000 	/System/Library/Frameworks/CoreServices.framework/Versions/A/CoreServices
0x000000001480f000 	/System/Library/PrivateFrameworks/PerformanceAnalysis.framework/Versions/A/PerformanceAnalysis
0x000000001480f000 	/System/Library/PrivateFrameworks/GenerationalStorage.framework/Versions/A/GenerationalStorage
0x000000001480f000 	/System/Library/Frameworks/OpenGL.framework/Versions/A/OpenGL
0x000000001480f000 	/System/Library/Frameworks/CoreImage.framework/Versions/A/CoreImage
0x000000001480f000 	/System/Library/Frameworks/CoreText.framework/Versions/A/CoreText
0x000000001480f000 	/System/Library/Frameworks/ImageIO.framework/Versions/A/ImageIO
0x000000001480f000 	/System/Library/PrivateFrameworks/Backup.framework/Versions/A/Backup
0x000000001480f000 	/usr/lib/libarchive.2.dylib
0x000000001480f000 	/System/Library/Frameworks/CFNetwork.framework/Versions/A/CFNetwork
0x000000001480f000 	/System/Library/Frameworks/SystemConfiguration.framework/Versions/A/SystemConfiguration
0x000000001480f000 	/usr/lib/libCRFSuite.dylib
0x000000001480f000 	/usr/lib/libc++.1.dylib
0x000000001480f000 	/usr/lib/libc++abi.dylib
0x000000001480f000 	/usr/lib/system/libcache.dylib
0x000000001480f000 	/usr/lib/system/libcommonCrypto.dylib
0x000000001480f000 	/usr/lib/system/libcompiler_rt.dylib
0x000000001480f000 	/usr/lib/system/libcopyfile.dylib
0x000000001480f000 	/usr/lib/system/libcorecrypto.dylib
0x000000001480f000 	/usr/lib/system/libdispatch.dylib
0x000000001480f000 	/usr/lib/system/libdyld.dylib
0x000000001480f000 	/usr/lib/system/libkeymgr.dylib
0x000000001480f000 	/usr/lib/system/liblaunch.dylib
0x000000001480f000 	/usr/lib/system/libmacho.dylib
0x000000001480f000 	/usr/lib/system/libquarantine.dylib
0x000000001480f000 	/usr/lib/system/libremovefile.dylib
0x000000001480f000 	/usr/lib/system/libsystem_asl.dylib
0x000000001480f000 	/usr/lib/system/libsystem_blocks.dylib
0x000000001480f000 	/usr/lib/system/libsystem_c.dylib
0x000000001480f000 	/usr/lib/system/libsystem_configuration.dylib
0x000000001480f000 	/usr/lib/system/libsystem_coreservices.dylib
0x000000001480f000 	/usr/lib/system/libsystem_coretls.dylib
0x000000001480f000 	/usr/lib/system/libsystem_dnssd.dylib
0x000000001480f000 	/usr/lib/system/libsystem_info.dylib
0x000000001480f000 	/usr/lib/system/libsystem_kernel.dylib
0x000000001480f000 	/usr/lib/system/libsystem_m.dylib
0x000000001480f000 	/usr/lib/system/libsystem_malloc.dylib
0x000000001480f000 	/usr/lib/system/libsystem_network.dylib
0x000000001480f000 	/usr/lib/system/libsystem_networkextension.dylib
0x000000001480f000 	/usr/lib/system/libsystem_notify.dylib
0x000000001480f000 	/usr/lib/system/libsystem_platform.dylib
0x000000001480f000 	/usr/lib/system/libsystem_pthread.dylib
0x000000001480f000 	/usr/lib/system/libsystem_sandbox.dylib
0x000000001480f000 	/usr/lib/system/libsystem_secinit.dylib
0x000000001480f000 	/usr/lib/system/libsystem_symptoms.dylib
0x000000001480f000 	/usr/lib/system/libsystem_trace.dylib
0x000000001480f000 	/usr/lib/system/libunwind.dylib
0x000000001480f000 	/usr/lib/system/libxpc.dylib
0x000000001480f000 	/usr/lib/libbsm.0.dylib
0x000000001480f000 	/usr/lib/system/libkxld.dylib
0x000000001480f000 	/usr/lib/libcoretls.dylib
0x000000001480f000 	/usr/lib/libcoretls_cfhelpers.dylib
0x000000001480f000 	/usr/lib/libxar.1.dylib
0x000000001480f000 	/usr/lib/libsqlite3.dylib
0x000000001480f000 	/usr/lib/libpam.2.dylib
0x000000001480f000 	/usr/lib/libOpenScriptingUtil.dylib
0x000000001480f000 	/usr/lib/libbz2.1.0.dylib
0x000000001480f000 	/usr/lib/liblzma.5.dylib
0x000000001480f000 	/usr/lib/libnetwork.dylib
0x000000001480f000 	/usr/lib/libpcap.A.dylib
0x000000001480f000 	/System/Library/Frameworks/CoreServices.framework/Versions/A/Frameworks/FSEvents.framework/Versions/A/FSEvents
0x000000001480f000 	/System/Library/Frameworks/CoreServices.framework/Versions/A/Frameworks/CarbonCore.framework/Versions/A/CarbonCore
0x000000001480f000 	/System/Library/Frameworks/CoreServices.framework/Versions/A/Frameworks/Metadata.framework/Versions/A/Metadata
0x000000001480f000 	/System/Library/Frameworks/CoreServices.framework/Versions/A/Frameworks/OSServices.framework/Versions/A/OSServices
0x000000001480f000 	/System/Library/Frameworks/CoreServices.framework/Versions/A/Frameworks/SearchKit.framework/Versions/A/SearchKit
0x000000001480f000 	/System/Library/Frameworks/CoreServices.framework/Versions/A/Frameworks/AE.framework/Versions/A/AE
0x000000001480f000 	/System/Library/Frameworks/CoreServices.framework/Versions/A/Frameworks/LaunchServices.framework/Versions/A/LaunchServices
0x000000001480f000 	/System/Library/Frameworks/CoreServices.framework/Versions/A/Frameworks/DictionaryServices.framework/Versions/A/DictionaryServices
0x000000001480f000 	/System/Library/Frameworks/CoreServices.framework/Versions/A/Frameworks/SharedFileList.framework/Versions/A/SharedFileList
0x000000001480f000 	/System/Library/Frameworks/NetFS.framework/Versions/A/NetFS
0x000000001480f000 	/System/Library/PrivateFrameworks/NetAuth.framework/Versions/A/NetAuth
0x000000001480f000 	/System/Library/PrivateFrameworks/login.framework/Versions/A/Frameworks/loginsupport.framework/Versions/A/loginsupport
0x000000001480f000 	/System/Library/PrivateFrameworks/TCC.framework/Versions/A/TCC
0x000000001480f000 	/usr/lib/libmecabra.dylib
0x000000001480f000 	/System/Library/Frameworks/ApplicationServices.framework/Versions/A/Frameworks/ATS.framework/Versions/A/ATS
0x000000001480f000 	/System/Library/Frameworks/ApplicationServices.framework/Versions/A/Frameworks/ColorSync.framework/Versions/A/ColorSync
0x000000001480f000 	/System/Library/Frameworks/ApplicationServices.framework/Versions/A/Frameworks/HIServices.framework/Versions/A/HIServices
0x000000001480f000 	/System/Library/Frameworks/ApplicationServices.framework/Versions/A/Frameworks/LangAnalysis.framework/Versions/A/LangAnalysis
0x000000001480f000 	/System/Library/Frameworks/ApplicationServices.framework/Versions/A/Frameworks/PrintCore.framework/Versions/A/PrintCore
0x000000001480f000 	/System/Library/Frameworks/ApplicationServices.framework/Versions/A/Frameworks/QD.framework/Versions/A/QD
0x000000001480f000 	/System/Library/Frameworks/ApplicationServices.framework/Versions/A/Frameworks/SpeechSynthesis.framework/Versions/A/SpeechSynthesis
0x000000001480f000 	/System/Library/Frameworks/Accelerate.framework/Versions/A/Frameworks/vImage.framework/Versions/A/vImage
0x000000001480f000 	/System/Library/Frameworks/Accelerate.framework/Versions/A/Frameworks/vecLib.framework/Versions/A/vecLib
0x000000001480f000 	/System/Library/Frameworks/Accelerate.framework/Versions/A/Frameworks/vecLib.framework/Versions/A/libvDSP.dylib
0x000000001480f000 	/System/Library/Frameworks/Accelerate.framework/Versions/A/Frameworks/vecLib.framework/Versions/A/libBNNS.dylib
0x000000001480f000 	/System/Library/Frameworks/Accelerate.framework/Versions/A/Frameworks/vecLib.framework/Versions/A/libQuadrature.dylib
0x000000001480f000 	/System/Library/Frameworks/Accelerate.framework/Versions/A/Frameworks/vecLib.framework/Versions/A/libvMisc.dylib
0x000000001480f000 	/System/Library/Frameworks/Accelerate.framework/Versions/A/Frameworks/vecLib.framework/Versions/A/libLAPACK.dylib
0x000000001480f000 	/System/Library/Frameworks/Accelerate.framework/Versions/A/Frameworks/vecLib.framework/Versions/A/libBLAS.dylib
0x000000001480f000 	/System/Library/Frameworks/Accelerate.framework/Versions/A/Frameworks/vecLib.framework/Versions/A/libLinearAlgebra.dylib
0x000000001480f000 	/System/Library/Frameworks/Accelerate.framework/Versions/A/Frameworks/vecLib.framework/Versions/A/libSparseBLAS.dylib
0x000000001480f000 	/System/Library/Frameworks/ApplicationServices.framework/Versions/A/Frameworks/ATS.framework/Versions/A/Resources/libFontParser.dylib
0x000000001480f000 	/System/Library/Frameworks/ApplicationServices.framework/Versions/A/Frameworks/ATS.framework/Versions/A/Resources/libFontRegistry.dylib
0x000000001480f000 	/System/Library/Frameworks/ImageIO.framework/Versions/A/Resources/libJPEG.dylib
0x000000001480f000 	/System/Library/Frameworks/ImageIO.framework/Versions/A/Resources/libTIFF.dylib
0x000000001480f000 	/System/Library/Frameworks/ImageIO.framework/Versions/A/Resources/libPng.dylib
0x000000001480f000 	/System/Library/Frameworks/ImageIO.framework/Versions/A/Resources/libGIF.dylib
0x000000001480f000 	/System/Library/Frameworks/ImageIO.framework/Versions/A/Resources/libJP2.dylib
0x000000001480f000 	/System/Library/Frameworks/ImageIO.framework/Versions/A/Resources/libRadiance.dylib
0x000000001480f000 	/usr/lib/libcompression.dylib
0x000000001480f000 	/System/Library/PrivateFrameworks/AppleJPEG.framework/Versions/A/AppleJPEG
0x000000001480f000 	/usr/lib/libcups.2.dylib
0x000000001480f000 	/System/Library/Frameworks/Kerberos.framework/Versions/A/Kerberos
0x000000001480f000 	/System/Library/Frameworks/GSS.framework/Versions/A/GSS
0x000000001480f000 	/usr/lib/libresolv.9.dylib
0x000000001480f000 	/usr/lib/libiconv.2.dylib
0x000000001480f000 	/System/Library/PrivateFrameworks/Heimdal.framework/Versions/A/Heimdal
0x000000001480f000 	/usr/lib/libheimdal-asn1.dylib
0x000000001480f000 	/System/Library/Frameworks/OpenDirectory.framework/Versions/A/OpenDirectory
0x000000001480f000 	/System/Library/PrivateFrameworks/CommonAuth.framework/Versions/A/CommonAuth
0x000000001480f000 	/System/Library/Frameworks/OpenDirectory.framework/Versions/A/Frameworks/CFOpenDirectory.framework/Versions/A/CFOpenDirectory
0x000000001480f000 	/System/Library/Frameworks/SecurityFoundation.framework/Versions/A/SecurityFoundation
0x000000001480f000 	/System/Library/PrivateFrameworks/LanguageModeling.framework/Versions/A/LanguageModeling
0x000000001480f000 	/usr/lib/libmarisa.dylib
0x000000001480f000 	/usr/lib/libChineseTokenizer.dylib
0x000000001480f000 	/usr/lib/libcmph.dylib
0x000000001480f000 	/System/Library/PrivateFrameworks/CoreEmoji.framework/Versions/A/CoreEmoji
0x000000001480f000 	/System/Library/Frameworks/ServiceManagement.framework/Versions/A/ServiceManagement
0x000000001480f000 	/usr/lib/libxslt.1.dylib
0x000000001480f000 	/System/Library/Frameworks/Carbon.framework/Versions/A/Frameworks/Ink.framework/Versions/A/Ink
0x000000001480f000 	/System/Library/PrivateFrameworks/TextureIO.framework/Versions/A/TextureIO
0x000000001480f000 	/System/Library/Frameworks/Metal.framework/Versions/A/Metal
0x000000001480f000 	/usr/lib/libate.dylib
0x000000001480f000 	/System/Library/PrivateFrameworks/GPUCompiler.framework/libmetal_timestamp.dylib
0x000000001480f000 	/System/Library/Frameworks/OpenGL.framework/Versions/A/Libraries/libCoreFSCache.dylib
0x000000001480f000 	/System/Library/PrivateFrameworks/IOAccelerator.framework/Versions/A/IOAccelerator
0x000000001480f000 	/System/Library/Frameworks/CoreVideo.framework/Versions/A/CoreVideo
0x000000001480f000 	/usr/lib/libFosl_dynamic.dylib
0x000000001480f000 	/System/Library/PrivateFrameworks/MetalPerformanceShaders.framework/Versions/A/MetalPerformanceShaders
0x000000001480f000 	/System/Library/PrivateFrameworks/FaceCore.framework/Versions/A/FaceCore
0x000000001480f000 	/System/Library/Frameworks/OpenCL.framework/Versions/A/OpenCL
0x000000001480f000 	/System/Library/Frameworks/OpenGL.framework/Versions/A/Libraries/libGLU.dylib
0x000000001480f000 	/System/Library/Frameworks/OpenGL.framework/Versions/A/Libraries/libGFXShared.dylib
0x000000001480f000 	/System/Library/Frameworks/OpenGL.framework/Versions/A/Libraries/libGL.dylib
0x000000001480f000 	/System/Library/Frameworks/OpenGL.framework/Versions/A/Libraries/libGLImage.dylib
0x000000001480f000 	/System/Library/Frameworks/OpenGL.framework/Versions/A/Libraries/libCVMSPluginSupport.dylib
0x000000001480f000 	/System/Library/Frameworks/OpenGL.framework/Versions/A/Libraries/libCoreVMClient.dylib
0x000000001480f000 	/System/Library/PrivateFrameworks/CrashReporterSupport.framework/Versions/A/CrashReporterSupport
0x000000001480f000 	/System/Library/PrivateFrameworks/Sharing.framework/Versions/A/Sharing
0x000000001480f000 	/System/Library/PrivateFrameworks/IconServices.framework/Versions/A/IconServices
0x000000001480f000 	/System/Library/PrivateFrameworks/ProtocolBuffer.framework/Versions/A/ProtocolBuffer
0x000000001480f000 	/System/Library/PrivateFrameworks/Apple80211.framework/Versions/A/Apple80211
0x000000001480f000 	/System/Library/Frameworks/CoreWLAN.framework/Versions/A/CoreWLAN
0x000000001480f000 	/System/Library/PrivateFrameworks/CoreUtils.framework/Versions/A/CoreUtils
0x000000001480f000 	/System/Library/Frameworks/IOBluetooth.framework/Versions/A/IOBluetooth
0x000000001480f000 	/System/Library/PrivateFrameworks/CoreWiFi.framework/Versions/A/CoreWiFi
0x000000001480f000 	/System/Library/Frameworks/CoreBluetooth.framework/Versions/A/CoreBluetooth
0x000000001480f000 	/System/Library/Frameworks/CoreDisplay.framework/Versions/A/CoreDisplay
0x000000001480f000 	/System/Library/PrivateFrameworks/IOPresentment.framework/Versions/A/IOPresentment
0x000000001480f000 	/System/Library/PrivateFrameworks/DebugSymbols.framework/Versions/A/DebugSymbols
0x000000001480f000 	/System/Library/PrivateFrameworks/CoreSymbolication.framework/Versions/A/CoreSymbolication
0x000000001480f000 	/System/Library/PrivateFrameworks/Symbolication.framework/Versions/A/Symbolication
0x000000001480f000 	/System/Library/PrivateFrameworks/AppleFSCompression.framework/Versions/A/AppleFSCompression
0x000000001480f000 	/System/Library/PrivateFrameworks/SpeechRecognitionCore.framework/Versions/A/SpeechRecognitionCore
0x000000001480f000 	/System/Library/PrivateFrameworks/ChunkingLibrary.framework/Versions/A/ChunkingLibrary
0x0000000108e0d000 	/Library/Java/JavaVirtualMachines/jdk1.8.0_25.jdk/Contents/Home/jre/lib/server/libjvm.dylib
0x000000001480f000 	/usr/lib/libstdc++.6.dylib
0x00000001079c9000 	/Library/Java/JavaVirtualMachines/jdk1.8.0_25.jdk/Contents/Home/jre/lib/libverify.dylib
0x0000000108200000 	/Library/Java/JavaVirtualMachines/jdk1.8.0_25.jdk/Contents/Home/jre/lib/libjava.dylib
0x0000000108234000 	/Library/Java/JavaVirtualMachines/jdk1.8.0_25.jdk/Contents/Home/jre/lib/libjdwp.dylib
0x00000001079d8000 	/Library/Java/JavaVirtualMachines/jdk1.8.0_25.jdk/Contents/Home/jre/lib/libnpt.dylib
0x00000001079e5000 	/Library/Java/JavaVirtualMachines/jdk1.8.0_25.jdk/Contents/Home/jre/lib/libzip.dylib
0x000000011eb8c000 	/System/Library/Frameworks/JavaVM.framework/Frameworks/JavaRuntimeSupport.framework/JavaRuntimeSupport
0x000000011eba6000 	/System/Library/Frameworks/JavaVM.framework/Versions/A/Frameworks/JavaNativeFoundation.framework/Versions/A/JavaNativeFoundation
0x00000001079ef000 	/System/Library/Frameworks/JavaVM.framework/Versions/A/JavaVM
0x000000001480f000 	/System/Library/Frameworks/Carbon.framework/Versions/A/Carbon
0x000000011ebbb000 	/System/Library/PrivateFrameworks/JavaLaunching.framework/Versions/A/JavaLaunching
0x000000001480f000 	/System/Library/Frameworks/Carbon.framework/Versions/A/Frameworks/CommonPanels.framework/Versions/A/CommonPanels
0x000000001480f000 	/System/Library/Frameworks/Carbon.framework/Versions/A/Frameworks/Help.framework/Versions/A/Help
0x000000001480f000 	/System/Library/Frameworks/Carbon.framework/Versions/A/Frameworks/ImageCapture.framework/Versions/A/ImageCapture
0x000000001480f000 	/System/Library/Frameworks/Carbon.framework/Versions/A/Frameworks/OpenScripting.framework/Versions/A/OpenScripting
0x000000001480f000 	/System/Library/Frameworks/Carbon.framework/Versions/A/Frameworks/Print.framework/Versions/A/Print
0x000000001480f000 	/System/Library/Frameworks/Carbon.framework/Versions/A/Frameworks/SecurityHI.framework/Versions/A/SecurityHI
0x00000001204bd000 	/Library/Java/JavaVirtualMachines/jdk1.8.0_25.jdk/Contents/Home/jre/lib/libdt_socket.dylib
0x000000012050f000 	/Library/Java/JavaVirtualMachines/jdk1.8.0_25.jdk/Contents/Home/jre/lib/libsunec.dylib
0x0000000120a31000 	/Library/Java/JavaVirtualMachines/jdk1.8.0_25.jdk/Contents/Home/jre/lib/libnet.dylib

VM Arguments:
jvm_args: -agentlib:jdwp=transport=dt_socket,suspend=y,address=localhost:61659 -Dfile.encoding=UTF-8 
java_command: com.avs.filmoteca.App
java_class_path (initial): /Users/albertovecinasanchez/workspace/workspace_Filmoteca/filmoteca-push-crawler/target/classes:/Users/albertovecinasanchez/.m2/repository/com/squareup/retrofit2/retrofit/2.1.0/retrofit-2.1.0.jar:/Users/albertovecinasanchez/.m2/repository/com/squareup/okhttp3/okhttp/3.3.0/okhttp-3.3.0.jar:/Users/albertovecinasanchez/.m2/repository/com/squareup/okio/okio/1.8.0/okio-1.8.0.jar:/Users/albertovecinasanchez/.m2/repository/com/squareup/retrofit2/adapter-rxjava/2.1.0/adapter-rxjava-2.1.0.jar:/Users/albertovecinasanchez/.m2/repository/com/squareup/retrofit2/converter-scalars/2.1.0/converter-scalars-2.1.0.jar:/Users/albertovecinasanchez/.m2/repository/com/squareup/retrofit2/converter-gson/2.1.0/converter-gson-2.1.0.jar:/Users/albertovecinasanchez/.m2/repository/com/google/code/gson/gson/2.7/gson-2.7.jar:/Users/albertovecinasanchez/.m2/repository/io/reactivex/rxjava/1.2.2/rxjava-1.2.2.jar:/Users/albertovecinasanchez/.m2/repository/org/jsoup/jsoup/1.10.1/jsoup-1.10.1.jar
Launcher Type: SUN_STANDARD

Environment Variables:
PATH=/usr/bin:/bin:/usr/sbin:/sbin
SHELL=/bin/bash
DISPLAY=/private/tmp/com.apple.launchd.d0j9I6n0nJ/org.macosforge.xquartz:0

Signal Handlers:
SIGSEGV: [libjvm.dylib+0x579dc7], sa_mask[0]=11111111011111110111111111111111, sa_flags=SA_ONSTACK|SA_RESTART|SA_SIGINFO
SIGBUS: [libjvm.dylib+0x579dc7], sa_mask[0]=11111111011111110111111111111111, sa_flags=SA_RESTART|SA_SIGINFO
SIGFPE: [libjvm.dylib+0x45b030], sa_mask[0]=11111111011111110111111111111111, sa_flags=SA_RESTART|SA_SIGINFO
SIGPIPE: [libjvm.dylib+0x45b030], sa_mask[0]=11111111011111110111111111111111, sa_flags=SA_RESTART|SA_SIGINFO
SIGXFSZ: [libjvm.dylib+0x45b030], sa_mask[0]=11111111011111110111111111111111, sa_flags=SA_RESTART|SA_SIGINFO
SIGILL: [libjvm.dylib+0x45b030], sa_mask[0]=11111111011111110111111111111111, sa_flags=SA_RESTART|SA_SIGINFO
SIGUSR1: SIG_DFL, sa_mask[0]=00000000000000000000000000000000, sa_flags=none
SIGUSR2: [libjvm.dylib+0x45ab4e], sa_mask[0]=00100000000000000000000000000000, sa_flags=SA_RESTART|SA_SIGINFO
SIGHUP: [libjvm.dylib+0x459121], sa_mask[0]=11111111011111110111111111111111, sa_flags=SA_RESTART|SA_SIGINFO
SIGINT: [libjvm.dylib+0x459121], sa_mask[0]=11111111011111110111111111111111, sa_flags=SA_RESTART|SA_SIGINFO
SIGTERM: [libjvm.dylib+0x459121], sa_mask[0]=11111111011111110111111111111111, sa_flags=SA_RESTART|SA_SIGINFO
SIGQUIT: [libjvm.dylib+0x459121], sa_mask[0]=11111111011111110111111111111111, sa_flags=SA_RESTART|SA_SIGINFO


---------------  S Y S T E M  ---------------

OS:Bsduname:Darwin 16.1.0 Darwin Kernel Version 16.1.0: Thu Oct 13 21:26:57 PDT 2016; root:xnu-3789.21.3~60/RELEASE_X86_64 x86_64
rlimit: STACK 8192k, CORE 0k, NPROC 709, NOFILE 10240, AS infinity
load average:3.24 3.17 3.29

CPU:total 4 (2 cores per cpu, 2 threads per core) family 6 model 69 stepping 1, cmov, cx8, fxsr, mmx, sse, sse2, sse3, ssse3, sse4.1, sse4.2, popcnt, avx, avx2, aes, clmul, erms, lzcnt, ht, tsc, tscinvbit, bmi1, bmi2

Memory: 4k page, physical 8388608k(97764k free)

/proc/meminfo:


vm_info: Java HotSpot(TM) 64-Bit Server VM (25.25-b02) for bsd-amd64 JRE (1.8.0_25-b17), built on Sep 17 2014 16:56:50 by "java_re" with gcc 4.2.1 (Based on Apple Inc. build 5658) (LLVM build 2336.11.00)

time: Wed Nov 23 19:28:02 2016
elapsed time: 354 seconds (0d 0h 5m 54s)

