#
# A fatal error has been detected by the Java Runtime Environment:
#
#  SIGSEGV (0xb) at pc=0x00000001036232b0, pid=3065, tid=16899
#
# JRE version: Java(TM) SE Runtime Environment (8.0_25-b17) (build 1.8.0_25-b17)
# Java VM: Java HotSpot(TM) 64-Bit Server VM (25.25-b02 mixed mode bsd-amd64 compressed oops)
# Problematic frame:
# V  [libjvm.dylib+0x4232b0]  Method::checked_resolve_jmethod_id(_jmethodID*)+0xe
#
# Failed to write core dump. Core dumps have been disabled. To enable core dumping, try "ulimit -c unlimited" before starting Java again
#
# If you would like to submit a bug report, please visit:
#   http://bugreport.sun.com/bugreport/crash.jsp
#

---------------  T H R E A D  ---------------

Current thread (0x00007f8818811000):  JavaThread "JDWP Transport Listener: dt_socket" daemon [_thread_in_vm, id=16899, stack(0x000070000e86f000,0x000070000e96f000)]

siginfo: si_signo: 11 (SIGSEGV), si_code: 0 (unknown), si_addr: 0x0000000000000000

Registers:
RAX=0x0000000000000001, RBX=0x000070000e96ea8b, RCX=0x00000001039d6c80, RDX=0x000070000e96ea8b
RSP=0x000070000e96e9d0, RBP=0x000070000e96e9e0, RSI=0x00007f8818811000, RDI=0x726566655263696d
R8 =0x0000000000000000, R9 =0x0000000000000000, R10=0x0000000000000001, R11=0x0000000000000001
R12=0x00007f8818811000, R13=0x726566655263696d, R14=0x726566655263696d, R15=0x00007f8817e02f80
RIP=0x00000001036232b0, EFLAGS=0x0000000000010202, ERR=0x0000000000000000
  TRAPNO=0x000000000000000d

Top of Stack: (sp=0x000070000e96e9d0)
0x000070000e96e9d0:   000070000e96ea8b 000070000e96ea8b
0x000070000e96e9e0:   000070000e96ea40 000000010353526e
0x000070000e96e9f0:   00007f8818811000 0000000000000000
0x000070000e96ea00:   0000000000000000 0000000000000000
0x000070000e96ea10:   00007f8818811000 00007f8818811000
0x000070000e96ea20:   000070000e96ea8b 000070000e96ea90
0x000070000e96ea30:   726566655263696d 0000000000000004
0x000070000e96ea40:   000070000e96ea60 000000010417e7dc
0x000070000e96ea50:   0000000000000001 000070000e96eb08
0x000070000e96ea60:   000070000e96ead0 0000000104163263
0x000070000e96ea70:   000070000e96eaa0 00007f8817e14de0
0x000070000e96ea80:   0000000b00000032 000000010096eb08
0x000070000e96ea90:   0000000000000000 0000000000000000
0x000070000e96eaa0:   0000000000000000 000070000e96ec90
0x000070000e96eab0:   0000000104185eca 00007f8817c11930
0x000070000e96eac0:   000070000e96eb08 0000000104191588
0x000070000e96ead0:   000070000e96eae0 000000010416335c
0x000070000e96eae0:   000070000e96ed00 000000010416c8f6
0x000070000e96eaf0:   0000044a00000013 00000000000f0200
0x000070000e96eb00:   00007f8817c119b0 000070000e96ebf4
0x000070000e96eb10:   00007f8800000090 000070000e96eb20
0x000070000e96eb20:   00007f880000009c 000070000e96eb58
0x000070000e96eb30:   0000000000000000 0000000000000000
0x000070000e96eb40:   0000044a0000001c 00007f880000a780
0x000070000e96eb50:   000070000e96eb58 887f00000b000000
0x000070000e96eb60:   06000000404de117 00003e74696e693c
0x000070000e96eb70:   0000005629280300 7f00000100000000
0x000070000e96eb80:   000000484de11788 0000006e69616d04
0x000070000e96eb90:   6176616a4c5b2816 74532f676e616c2f
0x000070000e96eba0:   0056293b676e6972 0009000000000000
0x000070000e96ebb0:   00504de117887f00 0074696e69040000
0x000070000e96ebc0:   0000562928030000 0000010000000000 

Instructions: (pc=0x00000001036232b0)
0x0000000103623290:   40 48 48 85 c0 75 e0 30 c0 0f b6 c0 5d c3 31 c0
0x00000001036232a0:   5d c3 55 48 89 e5 53 48 83 ec 08 48 85 ff 74 24
0x00000001036232b0:   48 8b 1f 48 85 db 74 1c 48 83 fb 37 74 16 48 8b
0x00000001036232c0:   03 48 89 df ff 50 10 84 c0 b8 00 00 00 00 48 0f 

Register to memory mapping:

RAX=0x0000000000000001 is an unknown value
RBX=0x000070000e96ea8b is pointing into the stack for thread: 0x00007f8818811000
RCX=0x00000001039d6c80: UseMembar+0 in /Library/Java/JavaVirtualMachines/jdk1.8.0_25.jdk/Contents/Home/jre/lib/server/libjvm.dylib at 0x0000000103200000
RDX=0x000070000e96ea8b is pointing into the stack for thread: 0x00007f8818811000
RSP=0x000070000e96e9d0 is pointing into the stack for thread: 0x00007f8818811000
RBP=0x000070000e96e9e0 is pointing into the stack for thread: 0x00007f8818811000
RSI=0x00007f8818811000 is a thread
RDI=0x726566655263696d is an unknown value
R8 =0x0000000000000000 is an unknown value
R9 =0x0000000000000000 is an unknown value
R10=0x0000000000000001 is an unknown value
R11=0x0000000000000001 is an unknown value
R12=0x00007f8818811000 is a thread
R13=0x726566655263696d is an unknown value
R14=0x726566655263696d is an unknown value
R15=0x00007f8817e02f80 is an unknown value


Stack: [0x000070000e86f000,0x000070000e96f000],  sp=0x000070000e96e9d0,  free space=1022k
Native frames: (J=compiled Java code, j=interpreted, Vv=VM code, C=native code)
V  [libjvm.dylib+0x4232b0]  Method::checked_resolve_jmethod_id(_jmethodID*)+0xe
V  [libjvm.dylib+0x33526e]  jvmti_IsMethodSynthetic+0xb2
C  [libjdwp.dylib+0x207dc]  isMethodSynthetic+0x63
C  [libjdwp.dylib+0x5263]  methods1+0x10b
C  [libjdwp.dylib+0x535c]  methodsWithGeneric+0xe
C  [libjdwp.dylib+0xe8f6]  debugLoop_run+0x1ce
C  [libjdwp.dylib+0x1f716]  attachThread+0x4d
V  [libjvm.dylib+0x3762ce]  JvmtiAgentThread::call_start_function()+0x38
V  [libjvm.dylib+0x535ed9]  JavaThread::thread_main_inner()+0x9b
V  [libjvm.dylib+0x53761c]  JavaThread::run()+0x1c2
V  [libjvm.dylib+0x45d87e]  java_start(Thread*)+0xf6
C  [libsystem_pthread.dylib+0x3aab]  _pthread_body+0xb4
C  [libsystem_pthread.dylib+0x39f7]  _pthread_body+0x0
C  [libsystem_pthread.dylib+0x3221]  thread_start+0xd
C  0x0000000000000000


---------------  P R O C E S S  ---------------

Java Threads: ( => current thread )
  0x00007f88189e8000 JavaThread "Okio Watchdog" daemon [_thread_blocked, id=24579, stack(0x000070000f79c000,0x000070000f89c000)]
  0x00007f881811e000 JavaThread "OkHttp ConnectionPool" daemon [_thread_blocked, id=24067, stack(0x000070000f699000,0x000070000f799000)]
  0x00007f88189fb000 JavaThread "OkHttp ConnectionPool" daemon [_thread_blocked, id=23555, stack(0x000070000f596000,0x000070000f696000)]
  0x00007f8818098800 JavaThread "RxScheduledExecutorPool-2" daemon [_thread_blocked, id=22019, stack(0x000070000f28d000,0x000070000f38d000)]
  0x00007f881999a000 JavaThread "RxScheduledExecutorPool-1" daemon [_thread_blocked, id=21507, stack(0x000070000f18a000,0x000070000f28a000)]
  0x00007f8818984800 JavaThread "RxIoScheduler-1 (Evictor)" daemon [_thread_blocked, id=20995, stack(0x000070000f087000,0x000070000f187000)]
  0x00007f8819007000 JavaThread "Service Thread" daemon [_thread_blocked, id=19971, stack(0x000070000ee81000,0x000070000ef81000)]
  0x00007f881801e000 JavaThread "C1 CompilerThread2" daemon [_thread_blocked, id=19459, stack(0x000070000ed7e000,0x000070000ee7e000)]
  0x00007f8818813000 JavaThread "C2 CompilerThread1" daemon [_thread_blocked, id=18947, stack(0x000070000ec7b000,0x000070000ed7b000)]
  0x00007f8819838000 JavaThread "C2 CompilerThread0" daemon [_thread_blocked, id=18435, stack(0x000070000eb78000,0x000070000ec78000)]
  0x00007f8819836800 JavaThread "JDWP Command Reader" daemon [_thread_in_native, id=17923, stack(0x000070000ea75000,0x000070000eb75000)]
  0x00007f8818811800 JavaThread "JDWP Event Helper Thread" daemon [_thread_blocked, id=17411, stack(0x000070000e972000,0x000070000ea72000)]
=>0x00007f8818811000 JavaThread "JDWP Transport Listener: dt_socket" daemon [_thread_in_vm, id=16899, stack(0x000070000e86f000,0x000070000e96f000)]
  0x00007f8819834800 JavaThread "Signal Dispatcher" daemon [_thread_blocked, id=16387, stack(0x000070000e76c000,0x000070000e86c000)]
  0x00007f8819029800 JavaThread "Finalizer" daemon [_thread_blocked, id=12547, stack(0x000070000e669000,0x000070000e769000)]
  0x00007f881981a000 JavaThread "Reference Handler" daemon [_thread_blocked, id=12035, stack(0x000070000e566000,0x000070000e666000)]
  0x00007f8819008000 JavaThread "main" [_thread_in_Java, id=7171, stack(0x000070000df54000,0x000070000e054000)]

Other Threads:
  0x00007f8819815800 VMThread [stack: 0x000070000e463000,0x000070000e563000] [id=11523]
  0x00007f881801e800 WatcherThread [stack: 0x000070000ef84000,0x000070000f084000] [id=20483]

VM state:not at safepoint (normal execution)

VM Mutex/Monitor currently owned by a thread: None

Heap:
 PSYoungGen      total 38400K, used 22000K [0x0000000795580000, 0x0000000798000000, 0x00000007c0000000)
  eden space 33280K, 66% used [0x0000000795580000,0x0000000796afc3a8,0x0000000797600000)
  from space 5120K, 0% used [0x0000000797b00000,0x0000000797b00000,0x0000000798000000)
  to   space 5120K, 0% used [0x0000000797600000,0x0000000797600000,0x0000000797b00000)
 ParOldGen       total 87552K, used 0K [0x0000000740000000, 0x0000000745580000, 0x0000000795580000)
  object space 87552K, 0% used [0x0000000740000000,0x0000000740000000,0x0000000745580000)
 Metaspace       used 9301K, capacity 9498K, committed 9600K, reserved 1058816K
  class space    used 1058K, capacity 1126K, committed 1152K, reserved 1048576K

Card table byte_map: [0x000000010457a000,0x000000010497b000] byte_map_base: 0x0000000100b7a000

Marking Bits: (ParMarkBitMap*) 0x0000000103a9d390
 Begin Bits: [0x0000000104c26000, 0x0000000106c26000)
 End Bits:   [0x0000000106c26000, 0x0000000108c26000)

Polling page: 0x00000001029f5000

CodeCache: size=245760Kb used=3262Kb max_used=3262Kb free=242497Kb
 bounds [0x000000010eaea000, 0x000000010ee2a000, 0x000000011daea000]
 total_blobs=1150 nmethods=831 adapters=242
 compilation: enabled

Compilation events (10 events):
Event: 1.328 Thread 0x00007f881801e000  825       3       java.lang.Character::codePointAtImpl (41 bytes)
Event: 1.329 Thread 0x00007f881801e000 nmethod 825 0x000000010ee182d0 code [0x000000010ee18460, 0x000000010ee188f0]
Event: 1.329 Thread 0x00007f881801e000  829       3       java.util.regex.Pattern$5::isSatisfiedBy (28 bytes)
Event: 1.329 Thread 0x00007f881801e000 nmethod 829 0x000000010ee18ad0 code [0x000000010ee18c60, 0x000000010ee18ff8]
Event: 1.329 Thread 0x00007f881801e000  826       3       java.util.regex.Pattern::isSupplementary (20 bytes)
Event: 1.329 Thread 0x00007f881801e000 nmethod 826 0x000000010ee19110 code [0x000000010ee19280, 0x000000010ee19550]
Event: 1.394 Thread 0x00007f881801e000  830       3       java.util.Hashtable$Enumerator::hasMoreElements (53 bytes)
Event: 1.394 Thread 0x00007f881801e000 nmethod 830 0x000000010ee19610 code [0x000000010ee19780, 0x000000010ee19a70]
Event: 1.394 Thread 0x00007f881801e000  831       3       java.util.Hashtable$Enumerator::nextElement (111 bytes)
Event: 1.395 Thread 0x00007f881801e000 nmethod 831 0x000000010ee19bd0 code [0x000000010ee19d80, 0x000000010ee1a228]

GC Heap History (0 events):
No events

Deoptimization events (4 events):
Event: 0.458 Thread 0x00007f8819008000 Uncommon trap: reason=class_check action=maybe_recompile pc=0x000000010ec2fe8c method=java.io.DataInputStream.readInt()I @ 4
Event: 0.458 Thread 0x00007f8819008000 Uncommon trap: reason=class_check action=maybe_recompile pc=0x000000010ec2fe8c method=java.io.DataInputStream.readInt()I @ 4
Event: 0.458 Thread 0x00007f8819008000 Uncommon trap: reason=class_check action=maybe_recompile pc=0x000000010ec2fe8c method=java.io.DataInputStream.readInt()I @ 4
Event: 0.458 Thread 0x00007f8819008000 Uncommon trap: reason=class_check action=maybe_recompile pc=0x000000010ec2fe8c method=java.io.DataInputStream.readInt()I @ 4

Internal exceptions (10 events):
Event: 0.902 Thread 0x00007f8819150000 Exception <a 'java/security/PrivilegedActionException'> (0x0000000796a7aef0) thrown at [/HUDSON3/workspace/8-2-build-macosx-x86_64/jdk8u25/1514/hotspot/src/share/vm/prims/jvm.cpp, line 1312]
Event: 0.903 Thread 0x00007f8819150000 Exception <a 'java/security/PrivilegedActionException'> (0x0000000796a802d0) thrown at [/HUDSON3/workspace/8-2-build-macosx-x86_64/jdk8u25/1514/hotspot/src/share/vm/prims/jvm.cpp, line 1312]
Event: 0.904 Thread 0x00007f8819150000 Exception <a 'java/security/PrivilegedActionException'> (0x0000000796a853e8) thrown at [/HUDSON3/workspace/8-2-build-macosx-x86_64/jdk8u25/1514/hotspot/src/share/vm/prims/jvm.cpp, line 1312]
Event: 0.904 Thread 0x00007f8819150000 Exception <a 'java/security/PrivilegedActionException'> (0x0000000796a8a810) thrown at [/HUDSON3/workspace/8-2-build-macosx-x86_64/jdk8u25/1514/hotspot/src/share/vm/prims/jvm.cpp, line 1312]
Event: 0.904 Thread 0x00007f8819150000 Exception <a 'java/security/PrivilegedActionException'> (0x0000000796a8e9f8) thrown at [/HUDSON3/workspace/8-2-build-macosx-x86_64/jdk8u25/1514/hotspot/src/share/vm/prims/jvm.cpp, line 1312]
Event: 0.905 Thread 0x00007f8819150000 Exception <a 'java/security/PrivilegedActionException'> (0x0000000796a929d8) thrown at [/HUDSON3/workspace/8-2-build-macosx-x86_64/jdk8u25/1514/hotspot/src/share/vm/prims/jvm.cpp, line 1312]
Event: 1.325 Thread 0x00007f8818073000 Exception <a 'java/security/PrivilegedActionException'> (0x00000007968b5518) thrown at [/HUDSON3/workspace/8-2-build-macosx-x86_64/jdk8u25/1514/hotspot/src/share/vm/prims/jvm.cpp, line 1312]
Event: 1.326 Thread 0x00007f8818073000 Exception <a 'java/security/PrivilegedActionException'> (0x00000007968bbd98) thrown at [/HUDSON3/workspace/8-2-build-macosx-x86_64/jdk8u25/1514/hotspot/src/share/vm/prims/jvm.cpp, line 1312]
Event: 1.327 Thread 0x00007f8818073000 Exception <a 'java/security/PrivilegedActionException'> (0x00000007968c1fb8) thrown at [/HUDSON3/workspace/8-2-build-macosx-x86_64/jdk8u25/1514/hotspot/src/share/vm/prims/jvm.cpp, line 1312]
Event: 1.394 Thread 0x00007f8818073000 Exception <a 'java/security/PrivilegedActionException'> (0x00000007968cdbe8) thrown at [/HUDSON3/workspace/8-2-build-macosx-x86_64/jdk8u25/1514/hotspot/src/share/vm/prims/jvm.cpp, line 1312]

Events (10 events):
Event: 1.394 Thread 0x00007f8818073000 DEOPT UNPACKING pc=0x000000010eb31373 sp=0x000070000f590668 mode 1
Event: 1.394 Thread 0x00007f8818073000 DEOPT PACKING pc=0x000000010ec40094 sp=0x000070000f590970
Event: 1.394 Thread 0x00007f8818073000 DEOPT UNPACKING pc=0x000000010eb31373 sp=0x000070000f5907b0 mode 1
Event: 1.394 Thread 0x00007f8818073000 DEOPT PACKING pc=0x000000010ec3fe34 sp=0x000070000f590b00
Event: 1.394 Thread 0x00007f8818073000 DEOPT UNPACKING pc=0x000000010eb31373 sp=0x000070000f590940 mode 1
Event: 1.395 Thread 0x00007f8818073000 Thread exited: 0x00007f8818073000
Event: 4.259 Executing VM operation: EnableBiasedLocking
Event: 4.259 Executing VM operation: EnableBiasedLocking done
Event: 52.753 Executing VM operation: RedefineClasses
Event: 52.761 Executing VM operation: RedefineClasses done


Dynamic libraries:
0x000000001480f000 	/System/Library/Frameworks/Cocoa.framework/Versions/A/Cocoa
0x000000001480f000 	/System/Library/Frameworks/Security.framework/Versions/A/Security
0x000000001480f000 	/System/Library/Frameworks/ApplicationServices.framework/Versions/A/ApplicationServices
0x000000001480f000 	/usr/lib/libz.1.dylib
0x000000001480f000 	/usr/lib/libSystem.B.dylib
0x000000001480f000 	/usr/lib/libobjc.A.dylib
0x000000001480f000 	/System/Library/Frameworks/CoreFoundation.framework/Versions/A/CoreFoundation
0x000000001480f000 	/System/Library/Frameworks/Foundation.framework/Versions/C/Foundation
0x000000001480f000 	/System/Library/Frameworks/AppKit.framework/Versions/C/AppKit
0x000000001480f000 	/System/Library/Frameworks/CoreData.framework/Versions/A/CoreData
0x000000001480f000 	/System/Library/PrivateFrameworks/RemoteViewServices.framework/Versions/A/RemoteViewServices
0x000000001480f000 	/System/Library/PrivateFrameworks/UIFoundation.framework/Versions/A/UIFoundation
0x000000001480f000 	/usr/lib/libenergytrace.dylib
0x000000001480f000 	/System/Library/PrivateFrameworks/SkyLight.framework/Versions/A/SkyLight
0x000000001480f000 	/System/Library/Frameworks/CoreGraphics.framework/Versions/A/CoreGraphics
0x000000001480f000 	/usr/lib/libScreenReader.dylib
0x000000001480f000 	/System/Library/Frameworks/Accelerate.framework/Versions/A/Accelerate
0x000000001480f000 	/System/Library/Frameworks/IOSurface.framework/Versions/A/IOSurface
0x000000001480f000 	/System/Library/Frameworks/AudioToolbox.framework/Versions/A/AudioToolbox
0x000000001480f000 	/System/Library/Frameworks/AudioUnit.framework/Versions/A/AudioUnit
0x000000001480f000 	/System/Library/PrivateFrameworks/DataDetectorsCore.framework/Versions/A/DataDetectorsCore
0x000000001480f000 	/System/Library/PrivateFrameworks/DesktopServicesPriv.framework/Versions/A/DesktopServicesPriv
0x000000001480f000 	/System/Library/Frameworks/Carbon.framework/Versions/A/Frameworks/HIToolbox.framework/Versions/A/HIToolbox
0x000000001480f000 	/usr/lib/libicucore.A.dylib
0x000000001480f000 	/System/Library/Frameworks/QuartzCore.framework/Versions/A/QuartzCore
0x000000001480f000 	/System/Library/Frameworks/Carbon.framework/Versions/A/Frameworks/SpeechRecognition.framework/Versions/A/SpeechRecognition
0x000000001480f000 	/usr/lib/libauto.dylib
0x000000001480f000 	/usr/lib/libxml2.2.dylib
0x000000001480f000 	/System/Library/PrivateFrameworks/CoreUI.framework/Versions/A/CoreUI
0x000000001480f000 	/System/Library/Frameworks/CoreAudio.framework/Versions/A/CoreAudio
0x000000001480f000 	/System/Library/Frameworks/DiskArbitration.framework/Versions/A/DiskArbitration
0x000000001480f000 	/usr/lib/liblangid.dylib
0x000000001480f000 	/System/Library/PrivateFrameworks/MultitouchSupport.framework/Versions/A/MultitouchSupport
0x000000001480f000 	/System/Library/Frameworks/IOKit.framework/Versions/A/IOKit
0x000000001480f000 	/usr/lib/libDiagnosticMessagesClient.dylib
0x000000001480f000 	/System/Library/Frameworks/CoreServices.framework/Versions/A/CoreServices
0x000000001480f000 	/System/Library/PrivateFrameworks/PerformanceAnalysis.framework/Versions/A/PerformanceAnalysis
0x000000001480f000 	/System/Library/PrivateFrameworks/GenerationalStorage.framework/Versions/A/GenerationalStorage
0x000000001480f000 	/System/Library/Frameworks/OpenGL.framework/Versions/A/OpenGL
0x000000001480f000 	/System/Library/Frameworks/CoreImage.framework/Versions/A/CoreImage
0x000000001480f000 	/System/Library/Frameworks/CoreText.framework/Versions/A/CoreText
0x000000001480f000 	/System/Library/Frameworks/ImageIO.framework/Versions/A/ImageIO
0x000000001480f000 	/System/Library/PrivateFrameworks/Backup.framework/Versions/A/Backup
0x000000001480f000 	/usr/lib/libarchive.2.dylib
0x000000001480f000 	/System/Library/Frameworks/CFNetwork.framework/Versions/A/CFNetwork
0x000000001480f000 	/System/Library/Frameworks/SystemConfiguration.framework/Versions/A/SystemConfiguration
0x000000001480f000 	/usr/lib/libCRFSuite.dylib
0x000000001480f000 	/usr/lib/libc++.1.dylib
0x000000001480f000 	/usr/lib/libc++abi.dylib
0x000000001480f000 	/usr/lib/system/libcache.dylib
0x000000001480f000 	/usr/lib/system/libcommonCrypto.dylib
0x000000001480f000 	/usr/lib/system/libcompiler_rt.dylib
0x000000001480f000 	/usr/lib/system/libcopyfile.dylib
0x000000001480f000 	/usr/lib/system/libcorecrypto.dylib
0x000000001480f000 	/usr/lib/system/libdispatch.dylib
0x000000001480f000 	/usr/lib/system/libdyld.dylib
0x000000001480f000 	/usr/lib/system/libkeymgr.dylib
0x000000001480f000 	/usr/lib/system/liblaunch.dylib
0x000000001480f000 	/usr/lib/system/libmacho.dylib
0x000000001480f000 	/usr/lib/system/libquarantine.dylib
0x000000001480f000 	/usr/lib/system/libremovefile.dylib
0x000000001480f000 	/usr/lib/system/libsystem_asl.dylib
0x000000001480f000 	/usr/lib/system/libsystem_blocks.dylib
0x000000001480f000 	/usr/lib/system/libsystem_c.dylib
0x000000001480f000 	/usr/lib/system/libsystem_configuration.dylib
0x000000001480f000 	/usr/lib/system/libsystem_coreservices.dylib
0x000000001480f000 	/usr/lib/system/libsystem_coretls.dylib
0x000000001480f000 	/usr/lib/system/libsystem_dnssd.dylib
0x000000001480f000 	/usr/lib/system/libsystem_info.dylib
0x000000001480f000 	/usr/lib/system/libsystem_kernel.dylib
0x000000001480f000 	/usr/lib/system/libsystem_m.dylib
0x000000001480f000 	/usr/lib/system/libsystem_malloc.dylib
0x000000001480f000 	/usr/lib/system/libsystem_network.dylib
0x000000001480f000 	/usr/lib/system/libsystem_networkextension.dylib
0x000000001480f000 	/usr/lib/system/libsystem_notify.dylib
0x000000001480f000 	/usr/lib/system/libsystem_platform.dylib
0x000000001480f000 	/usr/lib/system/libsystem_pthread.dylib
0x000000001480f000 	/usr/lib/system/libsystem_sandbox.dylib
0x000000001480f000 	/usr/lib/system/libsystem_secinit.dylib
0x000000001480f000 	/usr/lib/system/libsystem_symptoms.dylib
0x000000001480f000 	/usr/lib/system/libsystem_trace.dylib
0x000000001480f000 	/usr/lib/system/libunwind.dylib
0x000000001480f000 	/usr/lib/system/libxpc.dylib
0x000000001480f000 	/usr/lib/libbsm.0.dylib
0x000000001480f000 	/usr/lib/system/libkxld.dylib
0x000000001480f000 	/usr/lib/libcoretls.dylib
0x000000001480f000 	/usr/lib/libcoretls_cfhelpers.dylib
0x000000001480f000 	/usr/lib/libxar.1.dylib
0x000000001480f000 	/usr/lib/libsqlite3.dylib
0x000000001480f000 	/usr/lib/libpam.2.dylib
0x000000001480f000 	/usr/lib/libOpenScriptingUtil.dylib
0x000000001480f000 	/usr/lib/libbz2.1.0.dylib
0x000000001480f000 	/usr/lib/liblzma.5.dylib
0x000000001480f000 	/usr/lib/libnetwork.dylib
0x000000001480f000 	/usr/lib/libpcap.A.dylib
0x000000001480f000 	/System/Library/Frameworks/CoreServices.framework/Versions/A/Frameworks/FSEvents.framework/Versions/A/FSEvents
0x000000001480f000 	/System/Library/Frameworks/CoreServices.framework/Versions/A/Frameworks/CarbonCore.framework/Versions/A/CarbonCore
0x000000001480f000 	/System/Library/Frameworks/CoreServices.framework/Versions/A/Frameworks/Metadata.framework/Versions/A/Metadata
0x000000001480f000 	/System/Library/Frameworks/CoreServices.framework/Versions/A/Frameworks/OSServices.framework/Versions/A/OSServices
0x000000001480f000 	/System/Library/Frameworks/CoreServices.framework/Versions/A/Frameworks/SearchKit.framework/Versions/A/SearchKit
0x000000001480f000 	/System/Library/Frameworks/CoreServices.framework/Versions/A/Frameworks/AE.framework/Versions/A/AE
0x000000001480f000 	/System/Library/Frameworks/CoreServices.framework/Versions/A/Frameworks/LaunchServices.framework/Versions/A/LaunchServices
0x000000001480f000 	/System/Library/Frameworks/CoreServices.framework/Versions/A/Frameworks/DictionaryServices.framework/Versions/A/DictionaryServices
0x000000001480f000 	/System/Library/Frameworks/CoreServices.framework/Versions/A/Frameworks/SharedFileList.framework/Versions/A/SharedFileList
0x000000001480f000 	/System/Library/Frameworks/NetFS.framework/Versions/A/NetFS
0x000000001480f000 	/System/Library/PrivateFrameworks/NetAuth.framework/Versions/A/NetAuth
0x000000001480f000 	/System/Library/PrivateFrameworks/login.framework/Versions/A/Frameworks/loginsupport.framework/Versions/A/loginsupport
0x000000001480f000 	/System/Library/PrivateFrameworks/TCC.framework/Versions/A/TCC
0x000000001480f000 	/usr/lib/libmecabra.dylib
0x000000001480f000 	/System/Library/Frameworks/ApplicationServices.framework/Versions/A/Frameworks/ATS.framework/Versions/A/ATS
0x000000001480f000 	/System/Library/Frameworks/ApplicationServices.framework/Versions/A/Frameworks/ColorSync.framework/Versions/A/ColorSync
0x000000001480f000 	/System/Library/Frameworks/ApplicationServices.framework/Versions/A/Frameworks/HIServices.framework/Versions/A/HIServices
0x000000001480f000 	/System/Library/Frameworks/ApplicationServices.framework/Versions/A/Frameworks/LangAnalysis.framework/Versions/A/LangAnalysis
0x000000001480f000 	/System/Library/Frameworks/ApplicationServices.framework/Versions/A/Frameworks/PrintCore.framework/Versions/A/PrintCore
0x000000001480f000 	/System/Library/Frameworks/ApplicationServices.framework/Versions/A/Frameworks/QD.framework/Versions/A/QD
0x000000001480f000 	/System/Library/Frameworks/ApplicationServices.framework/Versions/A/Frameworks/SpeechSynthesis.framework/Versions/A/SpeechSynthesis
0x000000001480f000 	/System/Library/Frameworks/Accelerate.framework/Versions/A/Frameworks/vImage.framework/Versions/A/vImage
0x000000001480f000 	/System/Library/Frameworks/Accelerate.framework/Versions/A/Frameworks/vecLib.framework/Versions/A/vecLib
0x000000001480f000 	/System/Library/Frameworks/Accelerate.framework/Versions/A/Frameworks/vecLib.framework/Versions/A/libvDSP.dylib
0x000000001480f000 	/System/Library/Frameworks/Accelerate.framework/Versions/A/Frameworks/vecLib.framework/Versions/A/libBNNS.dylib
0x000000001480f000 	/System/Library/Frameworks/Accelerate.framework/Versions/A/Frameworks/vecLib.framework/Versions/A/libQuadrature.dylib
0x000000001480f000 	/System/Library/Frameworks/Accelerate.framework/Versions/A/Frameworks/vecLib.framework/Versions/A/libvMisc.dylib
0x000000001480f000 	/System/Library/Frameworks/Accelerate.framework/Versions/A/Frameworks/vecLib.framework/Versions/A/libLAPACK.dylib
0x000000001480f000 	/System/Library/Frameworks/Accelerate.framework/Versions/A/Frameworks/vecLib.framework/Versions/A/libBLAS.dylib
0x000000001480f000 	/System/Library/Frameworks/Accelerate.framework/Versions/A/Frameworks/vecLib.framework/Versions/A/libLinearAlgebra.dylib
0x000000001480f000 	/System/Library/Frameworks/Accelerate.framework/Versions/A/Frameworks/vecLib.framework/Versions/A/libSparseBLAS.dylib
0x000000001480f000 	/System/Library/Frameworks/ApplicationServices.framework/Versions/A/Frameworks/ATS.framework/Versions/A/Resources/libFontParser.dylib
0x000000001480f000 	/System/Library/Frameworks/ApplicationServices.framework/Versions/A/Frameworks/ATS.framework/Versions/A/Resources/libFontRegistry.dylib
0x000000001480f000 	/System/Library/Frameworks/ImageIO.framework/Versions/A/Resources/libJPEG.dylib
0x000000001480f000 	/System/Library/Frameworks/ImageIO.framework/Versions/A/Resources/libTIFF.dylib
0x000000001480f000 	/System/Library/Frameworks/ImageIO.framework/Versions/A/Resources/libPng.dylib
0x000000001480f000 	/System/Library/Frameworks/ImageIO.framework/Versions/A/Resources/libGIF.dylib
0x000000001480f000 	/System/Library/Frameworks/ImageIO.framework/Versions/A/Resources/libJP2.dylib
0x000000001480f000 	/System/Library/Frameworks/ImageIO.framework/Versions/A/Resources/libRadiance.dylib
0x000000001480f000 	/usr/lib/libcompression.dylib
0x000000001480f000 	/System/Library/PrivateFrameworks/AppleJPEG.framework/Versions/A/AppleJPEG
0x000000001480f000 	/usr/lib/libcups.2.dylib
0x000000001480f000 	/System/Library/Frameworks/Kerberos.framework/Versions/A/Kerberos
0x000000001480f000 	/System/Library/Frameworks/GSS.framework/Versions/A/GSS
0x000000001480f000 	/usr/lib/libresolv.9.dylib
0x000000001480f000 	/usr/lib/libiconv.2.dylib
0x000000001480f000 	/System/Library/PrivateFrameworks/Heimdal.framework/Versions/A/Heimdal
0x000000001480f000 	/usr/lib/libheimdal-asn1.dylib
0x000000001480f000 	/System/Library/Frameworks/OpenDirectory.framework/Versions/A/OpenDirectory
0x000000001480f000 	/System/Library/PrivateFrameworks/CommonAuth.framework/Versions/A/CommonAuth
0x000000001480f000 	/System/Library/Frameworks/OpenDirectory.framework/Versions/A/Frameworks/CFOpenDirectory.framework/Versions/A/CFOpenDirectory
0x000000001480f000 	/System/Library/Frameworks/SecurityFoundation.framework/Versions/A/SecurityFoundation
0x000000001480f000 	/System/Library/PrivateFrameworks/LanguageModeling.framework/Versions/A/LanguageModeling
0x000000001480f000 	/usr/lib/libmarisa.dylib
0x000000001480f000 	/usr/lib/libChineseTokenizer.dylib
0x000000001480f000 	/usr/lib/libcmph.dylib
0x000000001480f000 	/System/Library/PrivateFrameworks/CoreEmoji.framework/Versions/A/CoreEmoji
0x000000001480f000 	/System/Library/Frameworks/ServiceManagement.framework/Versions/A/ServiceManagement
0x000000001480f000 	/usr/lib/libxslt.1.dylib
0x000000001480f000 	/System/Library/Frameworks/Carbon.framework/Versions/A/Frameworks/Ink.framework/Versions/A/Ink
0x000000001480f000 	/System/Library/PrivateFrameworks/TextureIO.framework/Versions/A/TextureIO
0x000000001480f000 	/System/Library/Frameworks/Metal.framework/Versions/A/Metal
0x000000001480f000 	/usr/lib/libate.dylib
0x000000001480f000 	/System/Library/PrivateFrameworks/GPUCompiler.framework/libmetal_timestamp.dylib
0x000000001480f000 	/System/Library/Frameworks/OpenGL.framework/Versions/A/Libraries/libCoreFSCache.dylib
0x000000001480f000 	/System/Library/PrivateFrameworks/IOAccelerator.framework/Versions/A/IOAccelerator
0x000000001480f000 	/System/Library/Frameworks/CoreVideo.framework/Versions/A/CoreVideo
0x000000001480f000 	/usr/lib/libFosl_dynamic.dylib
0x000000001480f000 	/System/Library/PrivateFrameworks/MetalPerformanceShaders.framework/Versions/A/MetalPerformanceShaders
0x000000001480f000 	/System/Library/PrivateFrameworks/FaceCore.framework/Versions/A/FaceCore
0x000000001480f000 	/System/Library/Frameworks/OpenCL.framework/Versions/A/OpenCL
0x000000001480f000 	/System/Library/Frameworks/OpenGL.framework/Versions/A/Libraries/libGLU.dylib
0x000000001480f000 	/System/Library/Frameworks/OpenGL.framework/Versions/A/Libraries/libGFXShared.dylib
0x000000001480f000 	/System/Library/Frameworks/OpenGL.framework/Versions/A/Libraries/libGL.dylib
0x000000001480f000 	/System/Library/Frameworks/OpenGL.framework/Versions/A/Libraries/libGLImage.dylib
0x000000001480f000 	/System/Library/Frameworks/OpenGL.framework/Versions/A/Libraries/libCVMSPluginSupport.dylib
0x000000001480f000 	/System/Library/Frameworks/OpenGL.framework/Versions/A/Libraries/libCoreVMClient.dylib
0x000000001480f000 	/System/Library/PrivateFrameworks/CrashReporterSupport.framework/Versions/A/CrashReporterSupport
0x000000001480f000 	/System/Library/PrivateFrameworks/Sharing.framework/Versions/A/Sharing
0x000000001480f000 	/System/Library/PrivateFrameworks/IconServices.framework/Versions/A/IconServices
0x000000001480f000 	/System/Library/PrivateFrameworks/ProtocolBuffer.framework/Versions/A/ProtocolBuffer
0x000000001480f000 	/System/Library/PrivateFrameworks/Apple80211.framework/Versions/A/Apple80211
0x000000001480f000 	/System/Library/Frameworks/CoreWLAN.framework/Versions/A/CoreWLAN
0x000000001480f000 	/System/Library/PrivateFrameworks/CoreUtils.framework/Versions/A/CoreUtils
0x000000001480f000 	/System/Library/Frameworks/IOBluetooth.framework/Versions/A/IOBluetooth
0x000000001480f000 	/System/Library/PrivateFrameworks/CoreWiFi.framework/Versions/A/CoreWiFi
0x000000001480f000 	/System/Library/Frameworks/CoreBluetooth.framework/Versions/A/CoreBluetooth
0x000000001480f000 	/System/Library/Frameworks/CoreDisplay.framework/Versions/A/CoreDisplay
0x000000001480f000 	/System/Library/PrivateFrameworks/IOPresentment.framework/Versions/A/IOPresentment
0x000000001480f000 	/System/Library/PrivateFrameworks/DebugSymbols.framework/Versions/A/DebugSymbols
0x000000001480f000 	/System/Library/PrivateFrameworks/CoreSymbolication.framework/Versions/A/CoreSymbolication
0x000000001480f000 	/System/Library/PrivateFrameworks/Symbolication.framework/Versions/A/Symbolication
0x000000001480f000 	/System/Library/PrivateFrameworks/AppleFSCompression.framework/Versions/A/AppleFSCompression
0x000000001480f000 	/System/Library/PrivateFrameworks/SpeechRecognitionCore.framework/Versions/A/SpeechRecognitionCore
0x000000001480f000 	/System/Library/PrivateFrameworks/ChunkingLibrary.framework/Versions/A/ChunkingLibrary
0x0000000103200000 	/Library/Java/JavaVirtualMachines/jdk1.8.0_25.jdk/Contents/Home/jre/lib/server/libjvm.dylib
0x000000001480f000 	/usr/lib/libstdc++.6.dylib
0x000000010411c000 	/Library/Java/JavaVirtualMachines/jdk1.8.0_25.jdk/Contents/Home/jre/lib/libverify.dylib
0x000000010412a000 	/Library/Java/JavaVirtualMachines/jdk1.8.0_25.jdk/Contents/Home/jre/lib/libjava.dylib
0x000000010415e000 	/Library/Java/JavaVirtualMachines/jdk1.8.0_25.jdk/Contents/Home/jre/lib/libjdwp.dylib
0x00000001029f6000 	/Library/Java/JavaVirtualMachines/jdk1.8.0_25.jdk/Contents/Home/jre/lib/libnpt.dylib
0x00000001041b1000 	/Library/Java/JavaVirtualMachines/jdk1.8.0_25.jdk/Contents/Home/jre/lib/libzip.dylib
0x000000010ab19000 	/System/Library/Frameworks/JavaVM.framework/Frameworks/JavaRuntimeSupport.framework/JavaRuntimeSupport
0x000000010ab33000 	/System/Library/Frameworks/JavaVM.framework/Versions/A/Frameworks/JavaNativeFoundation.framework/Versions/A/JavaNativeFoundation
0x000000010ab48000 	/System/Library/Frameworks/JavaVM.framework/Versions/A/JavaVM
0x000000001480f000 	/System/Library/Frameworks/Carbon.framework/Versions/A/Carbon
0x000000010ab55000 	/System/Library/PrivateFrameworks/JavaLaunching.framework/Versions/A/JavaLaunching
0x000000001480f000 	/System/Library/Frameworks/Carbon.framework/Versions/A/Frameworks/CommonPanels.framework/Versions/A/CommonPanels
0x000000001480f000 	/System/Library/Frameworks/Carbon.framework/Versions/A/Frameworks/Help.framework/Versions/A/Help
0x000000001480f000 	/System/Library/Frameworks/Carbon.framework/Versions/A/Frameworks/ImageCapture.framework/Versions/A/ImageCapture
0x000000001480f000 	/System/Library/Frameworks/Carbon.framework/Versions/A/Frameworks/OpenScripting.framework/Versions/A/OpenScripting
0x000000001480f000 	/System/Library/Frameworks/Carbon.framework/Versions/A/Frameworks/Print.framework/Versions/A/Print
0x000000001480f000 	/System/Library/Frameworks/Carbon.framework/Versions/A/Frameworks/SecurityHI.framework/Versions/A/SecurityHI
0x000000010c45b000 	/Library/Java/JavaVirtualMachines/jdk1.8.0_25.jdk/Contents/Home/jre/lib/libdt_socket.dylib
0x000000010c4b0000 	/Library/Java/JavaVirtualMachines/jdk1.8.0_25.jdk/Contents/Home/jre/lib/libsunec.dylib
0x000000010c86a000 	/Library/Java/JavaVirtualMachines/jdk1.8.0_25.jdk/Contents/Home/jre/lib/libnet.dylib

VM Arguments:
jvm_args: -agentlib:jdwp=transport=dt_socket,suspend=y,address=localhost:59773 -Dfile.encoding=UTF-8 
java_command: com.avs.filmoteca.App
java_class_path (initial): /Users/albertovecinasanchez/workspace/workspace_Filmoteca/filmoteca-push-crawler/target/classes:/Users/albertovecinasanchez/.m2/repository/com/squareup/retrofit2/retrofit/2.1.0/retrofit-2.1.0.jar:/Users/albertovecinasanchez/.m2/repository/com/squareup/okhttp3/okhttp/3.3.0/okhttp-3.3.0.jar:/Users/albertovecinasanchez/.m2/repository/com/squareup/okio/okio/1.8.0/okio-1.8.0.jar:/Users/albertovecinasanchez/.m2/repository/com/squareup/retrofit2/adapter-rxjava/2.1.0/adapter-rxjava-2.1.0.jar:/Users/albertovecinasanchez/.m2/repository/com/squareup/retrofit2/converter-scalars/2.1.0/converter-scalars-2.1.0.jar:/Users/albertovecinasanchez/.m2/repository/com/squareup/retrofit2/converter-gson/2.1.0/converter-gson-2.1.0.jar:/Users/albertovecinasanchez/.m2/repository/com/google/code/gson/gson/2.7/gson-2.7.jar:/Users/albertovecinasanchez/.m2/repository/io/reactivex/rxjava/1.2.2/rxjava-1.2.2.jar:/Users/albertovecinasanchez/.m2/repository/org/jsoup/jsoup/1.10.1/jsoup-1.10.1.jar
Launcher Type: SUN_STANDARD

Environment Variables:
PATH=/usr/bin:/bin:/usr/sbin:/sbin
SHELL=/bin/bash
DISPLAY=/private/tmp/com.apple.launchd.d0j9I6n0nJ/org.macosforge.xquartz:0

Signal Handlers:
SIGSEGV: [libjvm.dylib+0x579dc7], sa_mask[0]=11111111011111110111111111111111, sa_flags=SA_ONSTACK|SA_RESTART|SA_SIGINFO
SIGBUS: [libjvm.dylib+0x579dc7], sa_mask[0]=11111111011111110111111111111111, sa_flags=SA_RESTART|SA_SIGINFO
SIGFPE: [libjvm.dylib+0x45b030], sa_mask[0]=11111111011111110111111111111111, sa_flags=SA_RESTART|SA_SIGINFO
SIGPIPE: [libjvm.dylib+0x45b030], sa_mask[0]=11111111011111110111111111111111, sa_flags=SA_RESTART|SA_SIGINFO
SIGXFSZ: [libjvm.dylib+0x45b030], sa_mask[0]=11111111011111110111111111111111, sa_flags=SA_RESTART|SA_SIGINFO
SIGILL: [libjvm.dylib+0x45b030], sa_mask[0]=11111111011111110111111111111111, sa_flags=SA_RESTART|SA_SIGINFO
SIGUSR1: SIG_DFL, sa_mask[0]=00000000000000000000000000000000, sa_flags=none
SIGUSR2: [libjvm.dylib+0x45ab4e], sa_mask[0]=00100000000000000000000000000000, sa_flags=SA_RESTART|SA_SIGINFO
SIGHUP: [libjvm.dylib+0x459121], sa_mask[0]=11111111011111110111111111111111, sa_flags=SA_RESTART|SA_SIGINFO
SIGINT: [libjvm.dylib+0x459121], sa_mask[0]=11111111011111110111111111111111, sa_flags=SA_RESTART|SA_SIGINFO
SIGTERM: [libjvm.dylib+0x459121], sa_mask[0]=11111111011111110111111111111111, sa_flags=SA_RESTART|SA_SIGINFO
SIGQUIT: [libjvm.dylib+0x459121], sa_mask[0]=11111111011111110111111111111111, sa_flags=SA_RESTART|SA_SIGINFO


---------------  S Y S T E M  ---------------

OS:Bsduname:Darwin 16.1.0 Darwin Kernel Version 16.1.0: Thu Oct 13 21:26:57 PDT 2016; root:xnu-3789.21.3~60/RELEASE_X86_64 x86_64
rlimit: STACK 8192k, CORE 0k, NPROC 709, NOFILE 10240, AS infinity
load average:2.72 2.83 3.30

CPU:total 4 (2 cores per cpu, 2 threads per core) family 6 model 69 stepping 1, cmov, cx8, fxsr, mmx, sse, sse2, sse3, ssse3, sse4.1, sse4.2, popcnt, avx, avx2, aes, clmul, erms, lzcnt, ht, tsc, tscinvbit, bmi1, bmi2

Memory: 4k page, physical 8388608k(25632k free)

/proc/meminfo:


vm_info: Java HotSpot(TM) 64-Bit Server VM (25.25-b02) for bsd-amd64 JRE (1.8.0_25-b17), built on Sep 17 2014 16:56:50 by "java_re" with gcc 4.2.1 (Based on Apple Inc. build 5658) (LLVM build 2336.11.00)

time: Wed Nov 23 19:21:07 2016
elapsed time: 52 seconds (0d 0h 0m 52s)

